<?xml version="1.0" encoding="UTF-8"?>
<!-- Generated by org.testng.reporters.JUnitReportReporter -->
<testsuite hostname="Nandhini" failures="0" tests="4" name="com.testng_pgm.DependsOnMethods" time="2.045" errors="0" timestamp="2022-09-30T20:54:03 IST" skipped="0">
  <testcase classname="com.testng_pgm.DependsOnMethods" name="mobileOffer" time="0.004"/>
  <system-out/>
  <testcase classname="com.testng_pgm.DependsOnMethods" name="diwaliDiscount" time="0.011"/>
  <system-out/>
  <testcase classname="com.testng_pgm.DependsOnMethods" name="laptopOffer" time="2.026"/>
  <system-out/>
  <testcase classname="com.testng_pgm.DependsOnMethods" name="tvOffer" time="0.004"/>
  <system-out/>
</testsuite> <!-- com.testng_pgm.DependsOnMethods -->
