<?xml version="1.0" encoding="UTF-8"?>
<!-- Generated by org.testng.reporters.JUnitReportReporter -->
<testsuite hostname="Nandhini" failures="0" tests="6" name="com.testng_pgm.PriorityTest" time="0.012" errors="0" timestamp="2022-09-29T20:45:51 IST" skipped="1">
  <testcase classname="com.testng_pgm.PriorityTest" name="studentName" time="0.007"/>
  <system-out/>
  <testcase classname="com.testng_pgm.PriorityTest" name="studentName" time="0.002"/>
  <system-out/>
  <testcase classname="com.testng_pgm.PriorityTest" name="studentName" time="0.001"/>
  <system-out/>
  <testcase classname="com.testng_pgm.PriorityTest" name="studentName" time="0.001"/>
  <system-out/>
  <testcase classname="com.testng_pgm.PriorityTest" name="studentName" time="0.001"/>
  <system-out/>
  <testcase classname="com.testng_pgm.PriorityTest" name="classTeacherDetails">
    <skipped/>
  </testcase> <!-- classTeacherDetails -->
  <system-out/>
</testsuite> <!-- com.testng_pgm.PriorityTest -->
