<?xml version="1.0" encoding="UTF-8"?>
<!-- Generated by org.testng.reporters.JUnitReportReporter -->
<testsuite hostname="Nandhini" failures="0" tests="1" name="com.testng_pgm.ExpectedException" time="0.011" errors="0" timestamp="2022-09-30T20:59:02 IST" skipped="0">
  <testcase classname="com.testng_pgm.ExpectedException" name="matheMatics" time="0.011"/>
  <system-out/>
</testsuite> <!-- com.testng_pgm.ExpectedException -->
