<?xml version="1.0" encoding="UTF-8"?>
<!-- Generated by org.testng.reporters.JUnitReportReporter -->
<testsuite hostname="Nandhini" failures="0" tests="1" name="com.testng_pgm.Parameter_Annotation" time="0.012" errors="0" timestamp="2022-10-07T08:27:05 IST" skipped="0">
  <testcase classname="com.testng_pgm.Parameter_Annotation" name="credenTial" time="0.012"/>
  <system-out/>
</testsuite> <!-- com.testng_pgm.Parameter_Annotation -->
