<?xml version="1.0" encoding="UTF-8"?>
<!-- Generated by org.testng.reporters.JUnitReportReporter -->
<testsuite hostname="Nandhini" failures="0" tests="2" name="com.testng_pgm.ParalleTest" time="29.796" errors="0" timestamp="2022-09-30T20:29:01 IST" skipped="0">
  <testcase classname="com.testng_pgm.ParalleTest" name="amazonSite" time="20.093"/>
  <system-out/>
  <testcase classname="com.testng_pgm.ParalleTest" name="flipKartSite" time="9.703"/>
  <system-out/>
</testsuite> <!-- com.testng_pgm.ParalleTest -->
