<?xml version="1.0" encoding="UTF-8"?>
<!-- Generated by org.testng.reporters.JUnitReportReporter -->
<testsuite hostname="Nandhini" failures="0" tests="4" name="com.testng_pgm.GroupingPgm" time="0.019" errors="0" timestamp="2022-09-30T21:20:55 IST" skipped="0">
  <testcase classname="com.testng_pgm.GroupingPgm" name="seleNium" time="0.001"/>
  <system-out/>
  <testcase classname="com.testng_pgm.GroupingPgm" name="libraryBooks" time="0.012"/>
  <system-out/>
  <testcase classname="com.testng_pgm.GroupingPgm" name="pHp" time="0.002"/>
  <system-out/>
  <testcase classname="com.testng_pgm.GroupingPgm" name="schoolBooks" time="0.004"/>
  <system-out/>
</testsuite> <!-- com.testng_pgm.GroupingPgm -->
