<?xml version="1.0" encoding="UTF-8"?>
<!-- Generated by org.testng.reporters.JUnitReportReporter -->
<testsuite hostname="Nandhini" failures="0" tests="2" name="com.testng_pgm.SimpleAnnotation" time="0.015" errors="0" timestamp="2022-09-29T21:02:23 IST" skipped="0">
  <testcase classname="com.testng_pgm.SimpleAnnotation" name="searchLaptop" time="0.002"/>
  <system-out/>
  <testcase classname="com.testng_pgm.SimpleAnnotation" name="mobileLaptop" time="0.013"/>
  <system-out/>
</testsuite> <!-- com.testng_pgm.SimpleAnnotation -->
